<?xml version="1.0" encoding="UTF-8"?>
<testsuite xmlns:xsi="http://www.w3.org/2001/XMLSchema-instance" xsi:noNamespaceSchemaLocation="https://maven.apache.org/surefire/maven-surefire-plugin/xsd/surefire-test-report-3.0.xsd" version="3.0" name="test.PlayerTest" time="3.949" tests="4" errors="0" skipped="0" failures="0">
  <properties>
[...]
</properties>
  <testcase name="testFireballCreation" classname="test.PlayerTest" time="0.523"/>
  <testcase name="testInitialKeysCollected" classname="test.PlayerTest" time="0.632"/>
  <testcase name="testInitialLife" classname="test.PlayerTest" time="2.262"/>
  <testcase name="testMovement" classname="test.PlayerTest" time="0.528"/>
</testsuite>